  main.cpp
C:\Users\SilverJun\Desktop\프로젝트\SWING\include\llvm/Support/MathExtras.h(346): warning C4146: 단항 빼기 연산자가 부호 없는 형식에 적용되었습니다. 결과는 역시 unsigned입니다.
C:\Users\SilverJun\Desktop\프로젝트\SWING\include\llvm/ADT/APInt.h(1552): warning C4244: 'return': 'uint64_t'에서 'unsigned int'(으)로 변환하면서 데이터가 손실될 수 있습니다.
C:\Users\SilverJun\Desktop\프로젝트\SWING\include\llvm/ADT/ilist_node_base.h(46): warning C4800: 'unsigned int': 'true' 또는 'false'로 bool 값을 강제하고 있습니다(성능 경고).
C:\Users\SilverJun\Desktop\프로젝트\SWING\include\llvm/ADT/StringRef.h(865): warning C4141: 'inline': 두 번 이상 사용했습니다.
C:\Users\SilverJun\Desktop\프로젝트\SWING\include\llvm/ADT/StringRef.h(870): warning C4141: 'inline': 두 번 이상 사용했습니다.
C:\Users\SilverJun\Desktop\프로젝트\SWING\include\llvm/ADT/Hashing.h(572): warning C4244: '인수': 'uint64_t'에서 'std::size_t'(으)로 변환하면서 데이터가 손실될 수 있습니다.
C:\Users\SilverJun\Desktop\프로젝트\SWING\include\llvm/ADT/Hashing.h(584): warning C4244: '인수': 'uint64_t'에서 'std::size_t'(으)로 변환하면서 데이터가 손실될 수 있습니다.
C:\Users\SilverJun\Desktop\프로젝트\SWING\include\llvm/ADT/Hashing.h(623): warning C4244: '인수': 'uint64_t'에서 'std::size_t'(으)로 변환하면서 데이터가 손실될 수 있습니다.
C:\Users\SilverJun\Desktop\프로젝트\SWING\include\llvm/IR/User.h(51): warning C4141: 'inline': 두 번 이상 사용했습니다.
C:\Users\SilverJun\Desktop\프로젝트\SWING\include\llvm/Support/CommandLine.h(286): warning C4800: 'unsigned int': 'true' 또는 'false'로 bool 값을 강제하고 있습니다(성능 경고).
C:\Users\SilverJun\Desktop\프로젝트\SWING\include\llvm/IR/Metadata.h(758): warning C4800: 'int': 'true' 또는 'false'로 bool 값을 강제하고 있습니다(성능 경고).
C:\Users\SilverJun\Desktop\프로젝트\SWING\include\llvm/IR/DebugLoc.h(67): warning C4800: 'llvm::MDNode *': 'true' 또는 'false'로 bool 값을 강제하고 있습니다(성능 경고).
C:\Users\SilverJun\Desktop\프로젝트\SWING\include\llvm/IR/DerivedTypes.h(386): warning C4244: '인수': 'uint64_t'에서 'unsigned int'(으)로 변환하면서 데이터가 손실될 수 있습니다.
C:\Users\SilverJun\Desktop\프로젝트\SWING\include\llvm/IR/DerivedTypes.h(394): warning C4244: '인수': 'uint64_t'에서 'unsigned int'(으)로 변환하면서 데이터가 손실될 수 있습니다.
C:\Users\SilverJun\Desktop\프로젝트\SWING\include\llvm/IR/DerivedTypes.h(404): warning C4244: '인수': 'uint64_t'에서 'unsigned int'(으)로 변환하면서 데이터가 손실될 수 있습니다.
C:\Users\SilverJun\Desktop\프로젝트\SWING\include\llvm/IR/DerivedTypes.h(410): warning C4244: '초기화 중': 'uint64_t'에서 'unsigned int'(으)로 변환하면서 데이터가 손실될 수 있습니다.
C:\Users\SilverJun\Desktop\프로젝트\SWING\include\llvm/IR/DerivedTypes.h(419): warning C4244: '초기화 중': 'uint64_t'에서 'unsigned int'(으)로 변환하면서 데이터가 손실될 수 있습니다.
C:\Users\SilverJun\Desktop\프로젝트\SWING\include\llvm/IR/DerivedTypes.h(429): warning C4244: 'return': 'uint64_t'에서 'unsigned int'(으)로 변환하면서 데이터가 손실될 수 있습니다.
C:\Users\SilverJun\Desktop\프로젝트\SWING\include\llvm/IR/DerivedTypes.h(439): warning C4244: 'return': 'uint64_t'에서 'unsigned int'(으)로 변환하면서 데이터가 손실될 수 있습니다.
C:\Users\SilverJun\Desktop\프로젝트\SWING\include\llvm/IR/GlobalObject.h(74): warning C4800: 'unsigned int': 'true' 또는 'false'로 bool 값을 강제하고 있습니다(성능 경고).
C:\Users\SilverJun\Desktop\프로젝트\SWING\include\llvm/IR/GlobalObject.h(162): warning C4800: 'unsigned int': 'true' 또는 'false'로 bool 값을 강제하고 있습니다(성능 경고).
C:\Users\SilverJun\Desktop\프로젝트\SWING\include\llvm/IR/Function.h(251): warning C4800: 'int': 'true' 또는 'false'로 bool 값을 강제하고 있습니다(성능 경고).
C:\Users\SilverJun\Desktop\프로젝트\SWING\include\llvm/IR/Function.h(582): warning C4800: 'int': 'true' 또는 'false'로 bool 값을 강제하고 있습니다(성능 경고).
C:\Users\SilverJun\Desktop\프로젝트\SWING\include\llvm/IR/Function.h(591): warning C4800: 'int': 'true' 또는 'false'로 bool 값을 강제하고 있습니다(성능 경고).
C:\Users\SilverJun\Desktop\프로젝트\SWING\include\llvm/IR/Function.h(600): warning C4800: 'int': 'true' 또는 'false'로 bool 값을 강제하고 있습니다(성능 경고).
C:\Users\SilverJun\Desktop\프로젝트\SWING\include\llvm/IR/InstrTypes.h(1115): warning C4244: '인수': 'uint64_t'에서 'unsigned int'(으)로 변환하면서 데이터가 손실될 수 있습니다.
C:\Users\SilverJun\Desktop\프로젝트\SWING\include\llvm/IR/Instructions.h(122): warning C4800: 'unsigned int': 'true' 또는 'false'로 bool 값을 강제하고 있습니다(성능 경고).
C:\Users\SilverJun\Desktop\프로젝트\SWING\include\llvm/IR/Instructions.h(133): warning C4800: 'unsigned int': 'true' 또는 'false'로 bool 값을 강제하고 있습니다(성능 경고).
C:\Users\SilverJun\Desktop\프로젝트\SWING\include\llvm/IR/Instructions.h(550): warning C4800: 'unsigned int': 'true' 또는 'false'로 bool 값을 강제하고 있습니다(성능 경고).
C:\Users\SilverJun\Desktop\프로젝트\SWING\include\llvm/IR/Instructions.h(1444): warning C4291: 'void *llvm::User::operator new(std::size_t,unsigned int,unsigned int)': 일치하는 operator delete가 없습니다. 초기화할 때 예외가 Throw되지 않으면 메모리가 확보되지 않습니다.
  C:\Users\SilverJun\Desktop\프로젝트\SWING\include\llvm/IR/User.h(74): note: 'llvm::User::operator new' 선언을 참조하십시오.
C:\Users\SilverJun\Desktop\프로젝트\SWING\include\llvm/IR/Instructions.h(1455): warning C4291: 'void *llvm::User::operator new(std::size_t,unsigned int,unsigned int)': 일치하는 operator delete가 없습니다. 초기화할 때 예외가 Throw되지 않으면 메모리가 확보되지 않습니다.
  C:\Users\SilverJun\Desktop\프로젝트\SWING\include\llvm/IR/User.h(74): note: 'llvm::User::operator new' 선언을 참조하십시오.
C:\Users\SilverJun\Desktop\프로젝트\SWING\include\llvm/IR/Instructions.h(3558): warning C4291: 'void *llvm::User::operator new(std::size_t,unsigned int,unsigned int)': 일치하는 operator delete가 없습니다. 초기화할 때 예외가 Throw되지 않으면 메모리가 확보되지 않습니다.
  C:\Users\SilverJun\Desktop\프로젝트\SWING\include\llvm/IR/User.h(74): note: 'llvm::User::operator new' 선언을 참조하십시오.
C:\Users\SilverJun\Desktop\프로젝트\SWING\include\llvm/IR/Instructions.h(3578): warning C4291: 'void *llvm::User::operator new(std::size_t,unsigned int,unsigned int)': 일치하는 operator delete가 없습니다. 초기화할 때 예외가 Throw되지 않으면 메모리가 확보되지 않습니다.
  C:\Users\SilverJun\Desktop\프로젝트\SWING\include\llvm/IR/User.h(74): note: 'llvm::User::operator new' 선언을 참조하십시오.
C:\Users\SilverJun\Desktop\프로젝트\SWING\include\llvm/IR/PassManager.h(263): warning C4800: 'llvm::SmallPtrSetImplBase::size_type': 'true' 또는 'false'로 bool 값을 강제하고 있습니다(성능 경고).
C:\Users\SilverJun\Desktop\프로젝트\SWING\include\llvm/ADT/DenseMap.h(333): warning C4244: 'return': 'uint64_t'에서 'unsigned int'(으)로 변환하면서 데이터가 손실될 수 있습니다.
  C:\Users\SilverJun\Desktop\프로젝트\SWING\include\llvm/ADT/DenseMap.h(327): note: 클래스 템플릿 멤버 함수 'unsigned int llvm::DenseMapBase<llvm::DenseMap<const llvm::MDNode *,bool,llvm::DenseMapInfo<KeyT>,llvm::detail::DenseMapPair<KeyT,ValueT>>,KeyT,ValueT,KeyInfoT,BucketT>::getMinBucketToReserveForEntries(unsigned int)'을(를) 컴파일하고 있습니다.
          with
          [
              KeyT=const llvm::MDNode *,
              ValueT=bool,
              KeyInfoT=llvm::DenseMapInfo<const llvm::MDNode *>,
              BucketT=llvm::detail::DenseMapPair<const llvm::MDNode *,bool>
          ]
  C:\Users\SilverJun\Desktop\프로젝트\SWING\include\llvm/ADT/DenseMap.h(658): note: 컴파일 중인 함수 템플릿 인스턴스화 'unsigned int llvm::DenseMapBase<llvm::DenseMap<const llvm::MDNode *,bool,llvm::DenseMapInfo<KeyT>,llvm::detail::DenseMapPair<KeyT,ValueT>>,KeyT,ValueT,KeyInfoT,BucketT>::getMinBucketToReserveForEntries(unsigned int)'에 대한 참조를 확인하십시오.
          with
          [
              KeyT=const llvm::MDNode *,
              ValueT=bool,
              KeyInfoT=llvm::DenseMapInfo<const llvm::MDNode *>,
              BucketT=llvm::detail::DenseMapPair<const llvm::MDNode *,bool>
          ]
  C:\Users\SilverJun\Desktop\프로젝트\SWING\include\llvm/ADT/DenseMap.h(586): note: 컴파일 중인 클래스 템플릿 인스턴스화 'llvm::DenseMapBase<llvm::DenseMap<const llvm::MDNode *,bool,llvm::DenseMapInfo<KeyT>,llvm::detail::DenseMapPair<KeyT,ValueT>>,KeyT,ValueT,KeyInfoT,BucketT>'에 대한 참조를 확인하십시오.
          with
          [
              KeyT=const llvm::MDNode *,
              ValueT=bool,
              KeyInfoT=llvm::DenseMapInfo<const llvm::MDNode *>,
              BucketT=llvm::detail::DenseMapPair<const llvm::MDNode *,bool>
          ]
  C:\Users\SilverJun\Desktop\프로젝트\SWING\include\llvm/IR/Verifier.h(55): note: 컴파일 중인 클래스 템플릿 인스턴스화 'llvm::DenseMap<const llvm::MDNode *,bool,llvm::DenseMapInfo<KeyT>,llvm::detail::DenseMapPair<KeyT,ValueT>>'에 대한 참조를 확인하십시오.
          with
          [
              KeyT=const llvm::MDNode *,
              ValueT=bool
          ]
C:\Users\SilverJun\Desktop\프로젝트\SWING\include\llvm/ADT/PointerIntPair.h(59): warning C4800: 'intptr_t': 'true' 또는 'false'로 bool 값을 강제하고 있습니다(성능 경고).
  C:\Users\SilverJun\Desktop\프로젝트\SWING\include\llvm/ADT/PointerIntPair.h(58): note: 클래스 템플릿 멤버 함수 'bool llvm::PointerIntPair<void *,1,bool,llvm::PointerUnionUIntTraits<PT1,PT2>,llvm::PointerIntPairInfo<PointerTy,1,PtrTraits>>::getInt(void) const'을(를) 컴파일하고 있습니다.
          with
          [
              PT1=llvm::LLVMContext *,
              PT2=llvm::ReplaceableMetadataImpl *,
              PointerTy=void *,
              PtrTraits=llvm::PointerUnionUIntTraits<llvm::LLVMContext *,llvm::ReplaceableMetadataImpl *>
          ]
  C:\Users\SilverJun\Desktop\프로젝트\SWING\include\llvm/ADT/PointerUnion.h(129): note: 컴파일 중인 함수 템플릿 인스턴스화 'bool llvm::PointerIntPair<void *,1,bool,llvm::PointerUnionUIntTraits<PT1,PT2>,llvm::PointerIntPairInfo<PointerTy,1,PtrTraits>>::getInt(void) const'에 대한 참조를 확인하십시오.
          with
          [
              PT1=llvm::LLVMContext *,
              PT2=llvm::ReplaceableMetadataImpl *,
              PointerTy=void *,
              PtrTraits=llvm::PointerUnionUIntTraits<llvm::LLVMContext *,llvm::ReplaceableMetadataImpl *>
          ]
  C:\Users\SilverJun\Desktop\프로젝트\SWING\include\llvm/ADT/PointerUnion.h(93): note: 컴파일 중인 클래스 템플릿 인스턴스화 'llvm::PointerIntPair<void *,1,bool,llvm::PointerUnionUIntTraits<PT1,PT2>,llvm::PointerIntPairInfo<PointerTy,1,PtrTraits>>'에 대한 참조를 확인하십시오.
          with
          [
              PT1=llvm::LLVMContext *,
              PT2=llvm::ReplaceableMetadataImpl *,
              PointerTy=void *,
              PtrTraits=llvm::PointerUnionUIntTraits<llvm::LLVMContext *,llvm::ReplaceableMetadataImpl *>
          ]
  C:\Users\SilverJun\Desktop\프로젝트\SWING\include\llvm/IR/Metadata.h(737): note: 컴파일 중인 클래스 템플릿 인스턴스화 'llvm::PointerUnion<llvm::LLVMContext *,llvm::ReplaceableMetadataImpl *>'에 대한 참조를 확인하십시오.
C:\Program Files (x86)\Microsoft Visual Studio 14.0\VC\include\xutility(2372): warning C4996: 'std::copy::_Unchecked_iterators::_Deprecate': Call to 'std::copy' with parameters that may be unsafe - this call relies on the caller to check that the passed values are correct. To disable this warning, use -D_SCL_SECURE_NO_WARNINGS. See documentation on how to use Visual C++ 'Checked Iterators'
  C:\Program Files (x86)\Microsoft Visual Studio 14.0\VC\include\xutility(2372): note: 'std::copy::_Unchecked_iterators::_Deprecate' 선언을 참조하십시오.
  C:\Users\SilverJun\Desktop\프로젝트\SWING\include\llvm/ADT/SmallVector.h(726): note: 컴파일 중인 함수 템플릿 인스턴스화 '_OutIt *std::copy<const unsigned int*,unsigned int*>(_InIt,_InIt,_OutIt)'에 대한 참조를 확인하십시오.
          with
          [
              _OutIt=unsigned int *,
              _InIt=const unsigned int *
          ]
  C:\Users\SilverJun\Desktop\프로젝트\SWING\include\llvm/ADT/SmallVector.h(714): note: 클래스 템플릿 멤버 함수 'llvm::SmallVectorImpl<T> &llvm::SmallVectorImpl<T>::operator =(const llvm::SmallVectorImpl<T> &)'을(를) 컴파일하고 있습니다.
          with
          [
              T=unsigned int
          ]
  C:\Users\SilverJun\Desktop\프로젝트\SWING\include\llvm/ADT/SmallVector.h(877): note: 컴파일 중인 함수 템플릿 인스턴스화 'llvm::SmallVectorImpl<T> &llvm::SmallVectorImpl<T>::operator =(const llvm::SmallVectorImpl<T> &)'에 대한 참조를 확인하십시오.
          with
          [
              T=unsigned int
          ]
  C:\Users\SilverJun\Desktop\프로젝트\SWING\include\llvm/ADT/SmallVector.h(843): note: 컴파일 중인 클래스 템플릿 인스턴스화 'llvm::SmallVectorImpl<T>'에 대한 참조를 확인하십시오.
          with
          [
              T=unsigned int
          ]
  C:\Users\SilverJun\Desktop\프로젝트\SWING\include\llvm/ADT/FoldingSet.h(319): note: 컴파일 중인 클래스 템플릿 인스턴스화 'llvm::SmallVector<unsigned int,32>'에 대한 참조를 확인하십시오.
C:\Program Files (x86)\Microsoft Visual Studio 14.0\VC\include\xutility(2636): warning C4996: 'std::move::_Unchecked_iterators::_Deprecate': Call to 'std::move' with parameters that may be unsafe - this call relies on the caller to check that the passed values are correct. To disable this warning, use -D_SCL_SECURE_NO_WARNINGS. See documentation on how to use Visual C++ 'Checked Iterators'
  C:\Program Files (x86)\Microsoft Visual Studio 14.0\VC\include\xutility(2636): note: 'std::move::_Unchecked_iterators::_Deprecate' 선언을 참조하십시오.
  C:\Users\SilverJun\Desktop\프로젝트\SWING\include\llvm/ADT/SmallVector.h(785): note: 컴파일 중인 함수 템플릿 인스턴스화 '_OutIt *std::move<int*,int*>(_InIt,_InIt,_OutIt)'에 대한 참조를 확인하십시오.
          with
          [
              _OutIt=int *,
              _InIt=int *
          ]
  C:\Users\SilverJun\Desktop\프로젝트\SWING\include\llvm/ADT/SmallVector.h(762): note: 클래스 템플릿 멤버 함수 'llvm::SmallVectorImpl<int> &llvm::SmallVectorImpl<int>::operator =(llvm::SmallVectorImpl<int> &&)'을(를) 컴파일하고 있습니다.
  C:\Users\SilverJun\Desktop\프로젝트\SWING\include\llvm/ADT/SmallVector.h(883): note: 컴파일 중인 함수 템플릿 인스턴스화 'llvm::SmallVectorImpl<int> &llvm::SmallVectorImpl<int>::operator =(llvm::SmallVectorImpl<int> &&)'에 대한 참조를 확인하십시오.
  C:\Users\SilverJun\Desktop\프로젝트\SWING\include\llvm/ADT/SmallVector.h(843): note: 컴파일 중인 클래스 템플릿 인스턴스화 'llvm::SmallVectorImpl<int>'에 대한 참조를 확인하십시오.
  C:\Users\SilverJun\Desktop\프로젝트\SWING\include\llvm/IR/Instructions.h(2234): note: 컴파일 중인 클래스 템플릿 인스턴스화 'llvm::SmallVector<int,16>'에 대한 참조를 확인하십시오.
C:\Program Files (x86)\Microsoft Visual Studio 14.0\VC\include\xmemory(102): warning C4996: 'std::uninitialized_copy::_Unchecked_iterators::_Deprecate': Call to 'std::uninitialized_copy' with parameters that may be unsafe - this call relies on the caller to check that the passed values are correct. To disable this warning, use -D_SCL_SECURE_NO_WARNINGS. See documentation on how to use Visual C++ 'Checked Iterators'
  C:\Program Files (x86)\Microsoft Visual Studio 14.0\VC\include\xmemory(102): note: 'std::uninitialized_copy::_Unchecked_iterators::_Deprecate' 선언을 참조하십시오.
  C:\Users\SilverJun\Desktop\프로젝트\SWING\include\llvm/ADT/SmallVector.h(202): note: 컴파일 중인 함수 템플릿 인스턴스화 '_FwdIt std::uninitialized_copy<It1,It2>(_InIt,_InIt,_FwdIt)'에 대한 참조를 확인하십시오.
          with
          [
              _FwdIt=llvm::LayoutAlignElem *,
              It1=const llvm::LayoutAlignElem *,
              It2=llvm::LayoutAlignElem *,
              _InIt=const llvm::LayoutAlignElem *
          ]
  C:\Users\SilverJun\Desktop\프로젝트\SWING\include\llvm/ADT/SmallVector.h(754): note: 컴파일 중인 함수 템플릿 인스턴스화 'void llvm::SmallVectorTemplateBase<T,false>::uninitialized_copy<const llvm::LayoutAlignElem*,llvm::LayoutAlignElem*>(It1,It1,It2)'에 대한 참조를 확인하십시오.
          with
          [
              T=llvm::LayoutAlignElem,
              It1=const llvm::LayoutAlignElem *,
              It2=llvm::LayoutAlignElem *
          ]
  C:\Users\SilverJun\Desktop\프로젝트\SWING\include\llvm/ADT/SmallVector.h(753): note: 컴파일 중인 함수 템플릿 인스턴스화 'void llvm::SmallVectorTemplateBase<T,false>::uninitialized_copy<const llvm::LayoutAlignElem*,llvm::LayoutAlignElem*>(It1,It1,It2)'에 대한 참조를 확인하십시오.
          with
          [
              T=llvm::LayoutAlignElem,
              It1=const llvm::LayoutAlignElem *,
              It2=llvm::LayoutAlignElem *
          ]
  C:\Users\SilverJun\Desktop\프로젝트\SWING\include\llvm/ADT/SmallVector.h(714): note: 클래스 템플릿 멤버 함수 'llvm::SmallVectorImpl<T> &llvm::SmallVectorImpl<T>::operator =(const llvm::SmallVectorImpl<T> &)'을(를) 컴파일하고 있습니다.
          with
          [
              T=llvm::LayoutAlignElem
          ]
  C:\Users\SilverJun\Desktop\프로젝트\SWING\include\llvm/ADT/SmallVector.h(877): note: 컴파일 중인 함수 템플릿 인스턴스화 'llvm::SmallVectorImpl<T> &llvm::SmallVectorImpl<T>::operator =(const llvm::SmallVectorImpl<T> &)'에 대한 참조를 확인하십시오.
          with
          [
              T=llvm::LayoutAlignElem
          ]
  C:\Users\SilverJun\Desktop\프로젝트\SWING\include\llvm/ADT/SmallVector.h(843): note: 컴파일 중인 클래스 템플릿 인스턴스화 'llvm::SmallVectorImpl<T>'에 대한 참조를 확인하십시오.
          with
          [
              T=llvm::LayoutAlignElem
          ]
  C:\Users\SilverJun\Desktop\프로젝트\SWING\include\llvm/IR/DataLayout.h(122): note: 컴파일 중인 클래스 템플릿 인스턴스화 'llvm::SmallVector<llvm::LayoutAlignElem,16>'에 대한 참조를 확인하십시오.
  swing.vcxproj -> C:\Users\SilverJun\Desktop\프로젝트\SWING\project\win32\Debug\swing.exe
